
> vibe-generated-app@1.0.0 dev
> vite


  VITE v5.4.20  ready in 311 ms

  ➜  Local:   http://localhost:3000/
  ➜  Network: http://172.20.31.8:3000/
11:48:19 PM [vite] Pre-transform error: Transform failed with 1 error:
/home/workspace/src/App.jsx:113:27: ERROR: Expected ";" but found "hsl"
11:48:23 PM [vite] Internal server error: Transform failed with 1 error:
/home/workspace/src/App.jsx:113:27: ERROR: Expected ";" but found "hsl"
  Plugin: vite:esbuild
  File: /home/workspace/src/App.jsx:113:27
  
  Expected ";" but found "hsl"
  111|        const frames = Math.max(60, total)
  112|        for (let i=0;i<frames;i++) {
  113|          ctx.fillStyle = \\`hsl(\\${(i/frames)*360},80%,50%)\\`
     |                             ^
  114|          ctx.fillRect(0,0,320,180)
  115|          ctx.fillStyle = 'white'
  
      at failureErrorWithLog (/home/workspace/node_modules/esbuild/lib/main.js:1472:15)
      at /home/workspace/node_modules/esbuild/lib/main.js:755:50
      at responseCallbacks.<computed> (/home/workspace/node_modules/esbuild/lib/main.js:622:9)
      at handleIncomingPacket (/home/workspace/node_modules/esbuild/lib/main.js:677:12)
      at Socket.readFromStdout (/home/workspace/node_modules/esbuild/lib/main.js:600:7)
      at Socket.emit (node:events:508:28)
      at addChunk (node:internal/streams/readable:559:12)
      at readableAddChunkPushByteMode (node:internal/streams/readable:510:3)
      at Readable.push (node:internal/streams/readable:390:5)
      at Pipe.onStreamRead (node:internal/stream_base_commons:189:23)
11:48:53 PM [vite] Internal server error: Transform failed with 1 error:
/home/workspace/src/App.jsx:113:27: ERROR: Expected ";" but found "hsl"
  Plugin: vite:esbuild
  File: /home/workspace/src/App.jsx:113:27
  
  Expected ";" but found "hsl"
  111|        const frames = Math.max(60, total)
  112|        for (let i=0;i<frames;i++) {
  113|          ctx.fillStyle = \\`hsl(\\${(i/frames)*360},80%,50%)\\`
     |                             ^
  114|          ctx.fillRect(0,0,320,180)
  115|          ctx.fillStyle = 'white'
  
      at failureErrorWithLog (/home/workspace/node_modules/esbuild/lib/main.js:1472:15)
      at /home/workspace/node_modules/esbuild/lib/main.js:755:50
      at responseCallbacks.<computed> (/home/workspace/node_modules/esbuild/lib/main.js:622:9)
      at handleIncomingPacket (/home/workspace/node_modules/esbuild/lib/main.js:677:12)
      at Socket.readFromStdout (/home/workspace/node_modules/esbuild/lib/main.js:600:7)
      at Socket.emit (node:events:508:28)
      at addChunk (node:internal/streams/readable:559:12)
      at readableAddChunkPushByteMode (node:internal/streams/readable:510:3)
      at Readable.push (node:internal/streams/readable:390:5)
      at Pipe.onStreamRead (node:internal/stream_base_commons:189:23)
11:48:54 PM [vite] Internal server error: Transform failed with 1 error:
/home/workspace/src/App.jsx:113:27: ERROR: Expected ";" but found "hsl"
  Plugin: vite:esbuild
  File: /home/workspace/src/App.jsx:113:27
  
  Expected ";" but found "hsl"
  111|        const frames = Math.max(60, total)
  112|        for (let i=0;i<frames;i++) {
  113|          ctx.fillStyle = \\`hsl(\\${(i/frames)*360},80%,50%)\\`
     |                             ^
  114|          ctx.fillRect(0,0,320,180)
  115|          ctx.fillStyle = 'white'
  
      at failureErrorWithLog (/home/workspace/node_modules/esbuild/lib/main.js:1472:15)
      at /home/workspace/node_modules/esbuild/lib/main.js:755:50
      at responseCallbacks.<computed> (/home/workspace/node_modules/esbuild/lib/main.js:622:9)
      at handleIncomingPacket (/home/workspace/node_modules/esbuild/lib/main.js:677:12)
      at Socket.readFromStdout (/home/workspace/node_modules/esbuild/lib/main.js:600:7)
      at Socket.emit (node:events:508:28)
      at addChunk (node:internal/streams/readable:559:12)
      at readableAddChunkPushByteMode (node:internal/streams/readable:510:3)
      at Readable.push (node:internal/streams/readable:390:5)
      at Pipe.onStreamRead (node:internal/stream_base_commons:189:23)
